<?xml version="1.0" encoding="UTF-8"?>
<testsuite name="com.example.JakSim.TstApplicationTests" tests="1" skipped="0" failures="0" errors="0" timestamp="2023-05-01T11:40:34" hostname="BOOK-S3TILQKI84" time="1.41">
  <properties/>
  <testcase name="JDBC 성공했나?" classname="com.example.JakSim.TstApplicationTests" time="1.41"/>
  <system-out><![CDATA[20:40:30.854 [Test worker] DEBUG org.springframework.test.context.BootstrapUtils - Instantiating CacheAwareContextLoaderDelegate from class [org.springframework.test.context.cache.DefaultCacheAwareContextLoaderDelegate]
20:40:30.874 [Test worker] DEBUG org.springframework.test.context.BootstrapUtils - Instantiating BootstrapContext using constructor [public org.springframework.test.context.support.DefaultBootstrapContext(java.lang.Class,org.springframework.test.context.CacheAwareContextLoaderDelegate)]
20:40:30.919 [Test worker] DEBUG org.springframework.test.context.BootstrapUtils - Instantiating TestContextBootstrapper for test class [com.example.JakSim.TstApplicationTests] from class [org.springframework.boot.test.context.SpringBootTestContextBootstrapper]
20:40:30.937 [Test worker] INFO org.springframework.boot.test.context.SpringBootTestContextBootstrapper - Neither @ContextConfiguration nor @ContextHierarchy found for test class [com.example.JakSim.TstApplicationTests], using SpringBootContextLoader
20:40:30.944 [Test worker] DEBUG org.springframework.test.context.support.AbstractContextLoader - Did not detect default resource location for test class [com.example.JakSim.TstApplicationTests]: class path resource [com/example/JakSim/TstApplicationTests-context.xml] does not exist
20:40:30.944 [Test worker] DEBUG org.springframework.test.context.support.AbstractContextLoader - Did not detect default resource location for test class [com.example.JakSim.TstApplicationTests]: class path resource [com/example/JakSim/TstApplicationTestsContext.groovy] does not exist
20:40:30.945 [Test worker] INFO org.springframework.test.context.support.AbstractContextLoader - Could not detect default resource locations for test class [com.example.JakSim.TstApplicationTests]: no resource found for suffixes {-context.xml, Context.groovy}.
20:40:30.946 [Test worker] INFO org.springframework.test.context.support.AnnotationConfigContextLoaderUtils - Could not detect default configuration classes for test class [com.example.JakSim.TstApplicationTests]: TstApplicationTests does not declare any static, non-private, non-final, nested classes annotated with @Configuration.
20:40:31.014 [Test worker] DEBUG org.springframework.test.context.support.ActiveProfilesUtils - Could not find an 'annotation declaring class' for annotation type [org.springframework.test.context.ActiveProfiles] and class [com.example.JakSim.TstApplicationTests]
20:40:31.092 [Test worker] DEBUG org.springframework.context.annotation.ClassPathScanningCandidateComponentProvider - Identified candidate component class: file [C:\Users\ujeon\IdeaProjects\JakSim\build\classes\java\main\com\example\JakSim\TstApplication.class]
20:40:31.094 [Test worker] INFO org.springframework.boot.test.context.SpringBootTestContextBootstrapper - Found @SpringBootConfiguration com.example.JakSim.TstApplication for test class com.example.JakSim.TstApplicationTests
20:40:31.220 [Test worker] DEBUG org.springframework.boot.test.context.SpringBootTestContextBootstrapper - @TestExecutionListeners is not present for class [com.example.JakSim.TstApplicationTests]: using defaults.
20:40:31.222 [Test worker] INFO org.springframework.boot.test.context.SpringBootTestContextBootstrapper - Loaded default TestExecutionListener class names from location [META-INF/spring.factories]: [org.springframework.boot.test.autoconfigure.restdocs.RestDocsTestExecutionListener, org.springframework.boot.test.autoconfigure.web.client.MockRestServiceServerResetTestExecutionListener, org.springframework.boot.test.autoconfigure.web.servlet.MockMvcPrintOnlyOnFailureTestExecutionListener, org.springframework.boot.test.autoconfigure.web.servlet.WebDriverTestExecutionListener, org.springframework.boot.test.autoconfigure.webservices.client.MockWebServiceServerTestExecutionListener, org.springframework.boot.test.mock.mockito.MockitoTestExecutionListener, org.springframework.boot.test.mock.mockito.ResetMocksTestExecutionListener, org.springframework.test.context.web.ServletTestExecutionListener, org.springframework.test.context.support.DirtiesContextBeforeModesTestExecutionListener, org.springframework.test.context.event.ApplicationEventsTestExecutionListener, org.springframework.test.context.support.DependencyInjectionTestExecutionListener, org.springframework.test.context.support.DirtiesContextTestExecutionListener, org.springframework.test.context.transaction.TransactionalTestExecutionListener, org.springframework.test.context.jdbc.SqlScriptsTestExecutionListener, org.springframework.test.context.event.EventPublishingTestExecutionListener]
20:40:31.243 [Test worker] INFO org.springframework.boot.test.context.SpringBootTestContextBootstrapper - Using TestExecutionListeners: [org.springframework.test.context.web.ServletTestExecutionListener@57a4d5ee, org.springframework.test.context.support.DirtiesContextBeforeModesTestExecutionListener@5af5def9, org.springframework.test.context.event.ApplicationEventsTestExecutionListener@3a45c42a, org.springframework.boot.test.mock.mockito.MockitoTestExecutionListener@36dce7ed, org.springframework.boot.test.autoconfigure.SpringBootDependencyInjectionTestExecutionListener@47a64f7d, org.springframework.test.context.support.DirtiesContextTestExecutionListener@33d05366, org.springframework.test.context.transaction.TransactionalTestExecutionListener@27a0a5a2, org.springframework.test.context.jdbc.SqlScriptsTestExecutionListener@7692cd34, org.springframework.test.context.event.EventPublishingTestExecutionListener@33aa93c, org.springframework.boot.test.autoconfigure.restdocs.RestDocsTestExecutionListener@32c0915e, org.springframework.boot.test.autoconfigure.web.client.MockRestServiceServerResetTestExecutionListener@106faf11, org.springframework.boot.test.autoconfigure.web.servlet.MockMvcPrintOnlyOnFailureTestExecutionListener@70f43b45, org.springframework.boot.test.autoconfigure.web.servlet.WebDriverTestExecutionListener@26d10f2e, org.springframework.boot.test.autoconfigure.webservices.client.MockWebServiceServerTestExecutionListener@10ad20cb, org.springframework.boot.test.mock.mockito.ResetMocksTestExecutionListener@7dd712e8]
20:40:31.246 [Test worker] DEBUG org.springframework.test.context.support.AbstractDirtiesContextTestExecutionListener - Before test class: context [DefaultTestContext@11963225 testClass = TstApplicationTests, testInstance = [null], testMethod = [null], testException = [null], mergedContextConfiguration = [WebMergedContextConfiguration@3f3c966c testClass = TstApplicationTests, locations = '{}', classes = '{class com.example.JakSim.TstApplication}', contextInitializerClasses = '[]', activeProfiles = '{}', propertySourceLocations = '{}', propertySourceProperties = '{org.springframework.boot.test.context.SpringBootTestContextBootstrapper=true}', contextCustomizers = set[org.springframework.boot.test.autoconfigure.actuate.metrics.MetricsExportContextCustomizerFactory$DisableMetricExportContextCustomizer@56bca85b, org.springframework.boot.test.autoconfigure.properties.PropertyMappingContextCustomizer@0, org.springframework.boot.test.autoconfigure.web.servlet.WebDriverContextCustomizerFactory$Customizer@47db5fa5, org.springframework.boot.test.context.filter.ExcludeFilterContextCustomizer@1080b026, org.springframework.boot.test.json.DuplicateJsonObjectContextCustomizerFactory$DuplicateJsonObjectContextCustomizer@dcfda20, org.springframework.boot.test.mock.mockito.MockitoContextCustomizer@0, org.springframework.boot.test.web.client.TestRestTemplateContextCustomizer@5bfa8cc5, org.springframework.boot.test.context.SpringBootTestArgs@1, org.springframework.boot.test.context.SpringBootTestWebEnvironment@42e25b0b], resourceBasePath = 'src/main/webapp', contextLoader = 'org.springframework.boot.test.context.SpringBootContextLoader', parent = [null]], attributes = map['org.springframework.test.context.web.ServletTestExecutionListener.activateListener' -> true]], class annotated with @DirtiesContext [false] with mode [null].

  .   ____          _            __ _ _
 /\\ / ___'_ __ _ _(_)_ __  __ _ \ \ \ \
( ( )\___ | '_ | '_| | '_ \/ _` | \ \ \ \
 \\/  ___)| |_)| | | | | || (_| |  ) ) ) )
  '  |____| .__|_| |_|_| |_\__, | / / / /
 =========|_|==============|___/=/_/_/_/
 :: Spring Boot ::               (v2.7.11)

2023-05-01 20:40:31.644  INFO 42700 --- [    Test worker] com.example.JakSim.TstApplicationTests   : Starting TstApplicationTests using Java 11.0.18 on BOOK-S3TILQKI84 with PID 42700 (started by ujeon in C:\Users\ujeon\IdeaProjects\JakSim)
2023-05-01 20:40:31.645  INFO 42700 --- [    Test worker] com.example.JakSim.TstApplicationTests   : No active profile set, falling back to 1 default profile: "default"
2023-05-01 20:40:34.145  INFO 42700 --- [    Test worker] com.example.JakSim.TstApplicationTests   : Started TstApplicationTests in 2.855 seconds (JVM running for 5.042)
UserInfo{user_id='hye8997', user_name='정혜화', user_gender=1, user_tel='01012341234', user_pw='123123', user_question=0, user_answer='전라남도 해남군', user_type=1, user_birth='1989-03-30 00:00:00', user_c_dt='2023-05-01 01:04:52'}
]]></system-out>
  <system-err><![CDATA[]]></system-err>
</testsuite>
